<?xml version="1.0" encoding="UTF-8"?>
<testsuite name="edu.coursera.concurrent.BoruvkaPerformanceTest" time="57.447" tests="2" errors="2" skipped="0" failures="0">
  <properties>
[...]
</properties>
  <testcase name="testInputUSAroadFLA" classname="edu.coursera.concurrent.BoruvkaPerformanceTest" time="25.017">
    <error type="java.lang.AssertionError">java.lang.AssertionError
	at edu.coursera.concurrent.BoruvkaPerformanceTest.driver(BoruvkaPerformanceTest.java:93)
	at edu.coursera.concurrent.BoruvkaPerformanceTest.testInputUSAroadFLA(BoruvkaPerformanceTest.java:108)
</error>
    <system-err><![CDATA[  src/main/resources/boruvka/USA-road-d.FLA.gr.gz - edu.coursera.concurrent.boruvka.sequential.SeqBoruvka - 976
  src/main/resources/boruvka/USA-road-d.FLA.gr.gz - edu.coursera.concurrent.boruvka.sequential.SeqBoruvka - 790
  src/main/resources/boruvka/USA-road-d.FLA.gr.gz - edu.coursera.concurrent.boruvka.sequential.SeqBoruvka - 778
  src/main/resources/boruvka/USA-road-d.FLA.gr.gz - edu.coursera.concurrent.boruvka.sequential.SeqBoruvka - 1047
  src/main/resources/boruvka/USA-road-d.FLA.gr.gz - edu.coursera.concurrent.boruvka.sequential.SeqBoruvka - 879
Exception in thread "Thread-0" Exception in thread "Thread-1" Exception in thread "Thread-2" Exception in thread "Thread-3" java.lang.UnsupportedOperationException
	at edu.coursera.concurrent.ParBoruvka.computeBoruvka(ParBoruvka.java:31)
	at edu.coursera.concurrent.BoruvkaPerformanceTest.lambda$driver$0(BoruvkaPerformanceTest.java:72)
	at java.lang.Thread.run(Thread.java:748)
Exception in thread "Thread-5" Exception in thread "Thread-6" java.lang.UnsupportedOperationException
	at edu.coursera.concurrent.ParBoruvka.computeBoruvka(ParBoruvka.java:31)
	at edu.coursera.concurrent.BoruvkaPerformanceTest.lambda$driver$0(BoruvkaPerformanceTest.java:72)
	at java.lang.Thread.run(Thread.java:748)
Exception in thread "Thread-4" java.lang.UnsupportedOperationException
	at edu.coursera.concurrent.ParBoruvka.computeBoruvka(ParBoruvka.java:31)
	at edu.coursera.concurrent.BoruvkaPerformanceTest.lambda$driver$0(BoruvkaPerformanceTest.java:72)
	at java.lang.Thread.run(Thread.java:748)
java.lang.UnsupportedOperationException
	at edu.coursera.concurrent.ParBoruvka.computeBoruvka(ParBoruvka.java:31)
	at edu.coursera.concurrent.BoruvkaPerformanceTest.lambda$driver$0(BoruvkaPerformanceTest.java:72)
	at java.lang.Thread.run(Thread.java:748)
java.lang.UnsupportedOperationException
	at edu.coursera.concurrent.ParBoruvka.computeBoruvka(ParBoruvka.java:31)
	at edu.coursera.concurrent.BoruvkaPerformanceTest.lambda$driver$0(BoruvkaPerformanceTest.java:72)
	at java.lang.Thread.run(Thread.java:748)
java.lang.UnsupportedOperationException
	at edu.coursera.concurrent.ParBoruvka.computeBoruvka(ParBoruvka.java:31)
	at edu.coursera.concurrent.BoruvkaPerformanceTest.lambda$driver$0(BoruvkaPerformanceTest.java:72)
	at java.lang.Thread.run(Thread.java:748)
Exception in thread "Thread-7" java.lang.UnsupportedOperationException
	at edu.coursera.concurrent.ParBoruvka.computeBoruvka(ParBoruvka.java:31)
	at edu.coursera.concurrent.BoruvkaPerformanceTest.lambda$driver$0(BoruvkaPerformanceTest.java:72)
	at java.lang.Thread.run(Thread.java:748)
java.lang.UnsupportedOperationException
	at edu.coursera.concurrent.ParBoruvka.computeBoruvka(ParBoruvka.java:31)
	at edu.coursera.concurrent.BoruvkaPerformanceTest.lambda$driver$0(BoruvkaPerformanceTest.java:72)
	at java.lang.Thread.run(Thread.java:748)
  src/main/resources/boruvka/USA-road-d.FLA.gr.gz - edu.coursera.concurrent.ParBoruvka - 6
Exception in thread "Thread-8" Exception in thread "Thread-9" java.lang.UnsupportedOperationException
	at edu.coursera.concurrent.ParBoruvka.computeBoruvka(ParBoruvka.java:31)
	at edu.coursera.concurrent.BoruvkaPerformanceTest.lambda$driver$0(BoruvkaPerformanceTest.java:72)
	at java.lang.Thread.run(Thread.java:748)
Exception in thread "Thread-15" Exception in thread "Thread-13" Exception in thread "Thread-12" Exception in thread "Thread-14" Exception in thread "Thread-11" java.lang.UnsupportedOperationException
	at edu.coursera.concurrent.ParBoruvka.computeBoruvka(ParBoruvka.java:31)
	at edu.coursera.concurrent.BoruvkaPerformanceTest.lambda$driver$0(BoruvkaPerformanceTest.java:72)
	at java.lang.Thread.run(Thread.java:748)
Exception in thread "Thread-10" java.lang.UnsupportedOperationException
	at edu.coursera.concurrent.ParBoruvka.computeBoruvka(ParBoruvka.java:31)
	at edu.coursera.concurrent.BoruvkaPerformanceTest.lambda$driver$0(BoruvkaPerformanceTest.java:72)
	at java.lang.Thread.run(Thread.java:748)
java.lang.UnsupportedOperationException
	at edu.coursera.concurrent.ParBoruvka.computeBoruvka(ParBoruvka.java:31)
	at edu.coursera.concurrent.BoruvkaPerformanceTest.lambda$driver$0(BoruvkaPerformanceTest.java:72)
	at java.lang.Thread.run(Thread.java:748)
java.lang.UnsupportedOperationException
	at edu.coursera.concurrent.ParBoruvka.computeBoruvka(ParBoruvka.java:31)
	at edu.coursera.concurrent.BoruvkaPerformanceTest.lambda$driver$0(BoruvkaPerformanceTest.java:72)
	at java.lang.Thread.run(Thread.java:748)
java.lang.UnsupportedOperationException
	at edu.coursera.concurrent.ParBoruvka.computeBoruvka(ParBoruvka.java:31)
	at edu.coursera.concurrent.BoruvkaPerformanceTest.lambda$driver$0(BoruvkaPerformanceTest.java:72)
	at java.lang.Thread.run(Thread.java:748)
java.lang.UnsupportedOperationException
	at edu.coursera.concurrent.ParBoruvka.computeBoruvka(ParBoruvka.java:31)
	at edu.coursera.concurrent.BoruvkaPerformanceTest.lambda$driver$0(BoruvkaPerformanceTest.java:72)
	at java.lang.Thread.run(Thread.java:748)
java.lang.UnsupportedOperationException
	at edu.coursera.concurrent.ParBoruvka.computeBoruvka(ParBoruvka.java:31)
	at edu.coursera.concurrent.BoruvkaPerformanceTest.lambda$driver$0(BoruvkaPerformanceTest.java:72)
	at java.lang.Thread.run(Thread.java:748)
  src/main/resources/boruvka/USA-road-d.FLA.gr.gz - edu.coursera.concurrent.ParBoruvka - 369
Exception in thread "Thread-16" Exception in thread "Thread-18" java.lang.UnsupportedOperationException
	at edu.coursera.concurrent.ParBoruvka.computeBoruvka(ParBoruvka.java:31)
	at edu.coursera.concurrent.BoruvkaPerformanceTest.lambda$driver$0(BoruvkaPerformanceTest.java:72)
	at java.lang.Thread.run(Thread.java:748)
Exception in thread "Thread-17" java.lang.UnsupportedOperationException
	at edu.coursera.concurrent.ParBoruvka.computeBoruvka(ParBoruvka.java:31)
	at edu.coursera.concurrent.BoruvkaPerformanceTest.lambda$driver$0(BoruvkaPerformanceTest.java:72)
	at java.lang.Thread.run(Thread.java:748)
java.lang.UnsupportedOperationException
	at edu.coursera.concurrent.ParBoruvka.computeBoruvka(ParBoruvka.java:31)
	at edu.coursera.concurrent.BoruvkaPerformanceTest.lambda$driver$0(BoruvkaPerformanceTest.java:72)
	at java.lang.Thread.run(Thread.java:748)
Exception in thread "Thread-19" java.lang.UnsupportedOperationException
	at edu.coursera.concurrent.ParBoruvka.computeBoruvka(ParBoruvka.java:31)
	at edu.coursera.concurrent.BoruvkaPerformanceTest.lambda$driver$0(BoruvkaPerformanceTest.java:72)
	at java.lang.Thread.run(Thread.java:748)
Exception in thread "Thread-20" java.lang.UnsupportedOperationException
	at edu.coursera.concurrent.ParBoruvka.computeBoruvka(ParBoruvka.java:31)
	at edu.coursera.concurrent.BoruvkaPerformanceTest.lambda$driver$0(BoruvkaPerformanceTest.java:72)
	at java.lang.Thread.run(Thread.java:748)
Exception in thread "Thread-21" java.lang.UnsupportedOperationException
	at edu.coursera.concurrent.ParBoruvka.computeBoruvka(ParBoruvka.java:31)
	at edu.coursera.concurrent.BoruvkaPerformanceTest.lambda$driver$0(BoruvkaPerformanceTest.java:72)
	at java.lang.Thread.run(Thread.java:748)
Exception in thread "Thread-22" java.lang.UnsupportedOperationException
	at edu.coursera.concurrent.ParBoruvka.computeBoruvka(ParBoruvka.java:31)
	at edu.coursera.concurrent.BoruvkaPerformanceTest.lambda$driver$0(BoruvkaPerformanceTest.java:72)
	at java.lang.Thread.run(Thread.java:748)
Exception in thread "Thread-23" java.lang.UnsupportedOperationException
	at edu.coursera.concurrent.ParBoruvka.computeBoruvka(ParBoruvka.java:31)
	at edu.coursera.concurrent.BoruvkaPerformanceTest.lambda$driver$0(BoruvkaPerformanceTest.java:72)
	at java.lang.Thread.run(Thread.java:748)
  src/main/resources/boruvka/USA-road-d.FLA.gr.gz - edu.coursera.concurrent.ParBoruvka - 15
Exception in thread "Thread-24" java.lang.UnsupportedOperationException
	at edu.coursera.concurrent.ParBoruvka.computeBoruvka(ParBoruvka.java:31)
	at edu.coursera.concurrent.BoruvkaPerformanceTest.lambda$driver$0(BoruvkaPerformanceTest.java:72)
	at java.lang.Thread.run(Thread.java:748)
Exception in thread "Thread-25" Exception in thread "Thread-28" java.lang.UnsupportedOperationException
	at edu.coursera.concurrent.ParBoruvka.computeBoruvka(ParBoruvka.java:31)
	at edu.coursera.concurrent.BoruvkaPerformanceTest.lambda$driver$0(BoruvkaPerformanceTest.java:72)
	at java.lang.Thread.run(Thread.java:748)
Exception in thread "Thread-31" Exception in thread "Thread-26" Exception in thread "Thread-29" Exception in thread "Thread-30" Exception in thread "Thread-27" java.lang.UnsupportedOperationException
	at edu.coursera.concurrent.ParBoruvka.computeBoruvka(ParBoruvka.java:31)
	at edu.coursera.concurrent.BoruvkaPerformanceTest.lambda$driver$0(BoruvkaPerformanceTest.java:72)
	at java.lang.Thread.run(Thread.java:748)
java.lang.UnsupportedOperationException
	at edu.coursera.concurrent.ParBoruvka.computeBoruvka(ParBoruvka.java:31)
	at edu.coursera.concurrent.BoruvkaPerformanceTest.lambda$driver$0(BoruvkaPerformanceTest.java:72)
	at java.lang.Thread.run(Thread.java:748)
java.lang.UnsupportedOperationException
	at edu.coursera.concurrent.ParBoruvka.computeBoruvka(ParBoruvka.java:31)
	at edu.coursera.concurrent.BoruvkaPerformanceTest.lambda$driver$0(BoruvkaPerformanceTest.java:72)
	at java.lang.Thread.run(Thread.java:748)
java.lang.UnsupportedOperationException
	at edu.coursera.concurrent.ParBoruvka.computeBoruvka(ParBoruvka.java:31)
	at edu.coursera.concurrent.BoruvkaPerformanceTest.lambda$driver$0(BoruvkaPerformanceTest.java:72)
	at java.lang.Thread.run(Thread.java:748)
java.lang.UnsupportedOperationException
	at edu.coursera.concurrent.ParBoruvka.computeBoruvka(ParBoruvka.java:31)
	at edu.coursera.concurrent.BoruvkaPerformanceTest.lambda$driver$0(BoruvkaPerformanceTest.java:72)
	at java.lang.Thread.run(Thread.java:748)
java.lang.UnsupportedOperationException
	at edu.coursera.concurrent.ParBoruvka.computeBoruvka(ParBoruvka.java:31)
	at edu.coursera.concurrent.BoruvkaPerformanceTest.lambda$driver$0(BoruvkaPerformanceTest.java:72)
	at java.lang.Thread.run(Thread.java:748)
  src/main/resources/boruvka/USA-road-d.FLA.gr.gz - edu.coursera.concurrent.ParBoruvka - 4
Exception in thread "Thread-32" java.lang.UnsupportedOperationException
	at edu.coursera.concurrent.ParBoruvka.computeBoruvka(ParBoruvka.java:31)
	at edu.coursera.concurrent.BoruvkaPerformanceTest.lambda$driver$0(BoruvkaPerformanceTest.java:72)
	at java.lang.Thread.run(Thread.java:748)
Exception in thread "Thread-33" Exception in thread "Thread-35" java.lang.UnsupportedOperationException
	at edu.coursera.concurrent.ParBoruvka.computeBoruvka(ParBoruvka.java:31)
	at edu.coursera.concurrent.BoruvkaPerformanceTest.lambda$driver$0(BoruvkaPerformanceTest.java:72)
	at java.lang.Thread.run(Thread.java:748)
Exception in thread "Thread-37" Exception in thread "Thread-39" Exception in thread "Thread-34" Exception in thread "Thread-38" Exception in thread "Thread-36" java.lang.UnsupportedOperationException
	at edu.coursera.concurrent.ParBoruvka.computeBoruvka(ParBoruvka.java:31)
	at edu.coursera.concurrent.BoruvkaPerformanceTest.lambda$driver$0(BoruvkaPerformanceTest.java:72)
	at java.lang.Thread.run(Thread.java:748)
java.lang.UnsupportedOperationException
	at edu.coursera.concurrent.ParBoruvka.computeBoruvka(ParBoruvka.java:31)
	at edu.coursera.concurrent.BoruvkaPerformanceTest.lambda$driver$0(BoruvkaPerformanceTest.java:72)
	at java.lang.Thread.run(Thread.java:748)
java.lang.UnsupportedOperationException
	at edu.coursera.concurrent.ParBoruvka.computeBoruvka(ParBoruvka.java:31)
	at edu.coursera.concurrent.BoruvkaPerformanceTest.lambda$driver$0(BoruvkaPerformanceTest.java:72)
	at java.lang.Thread.run(Thread.java:748)
java.lang.UnsupportedOperationException
	at edu.coursera.concurrent.ParBoruvka.computeBoruvka(ParBoruvka.java:31)
	at edu.coursera.concurrent.BoruvkaPerformanceTest.lambda$driver$0(BoruvkaPerformanceTest.java:72)
	at java.lang.Thread.run(Thread.java:748)
java.lang.UnsupportedOperationException
	at edu.coursera.concurrent.ParBoruvka.computeBoruvka(ParBoruvka.java:31)
	at edu.coursera.concurrent.BoruvkaPerformanceTest.lambda$driver$0(BoruvkaPerformanceTest.java:72)
	at java.lang.Thread.run(Thread.java:748)
java.lang.UnsupportedOperationException
	at edu.coursera.concurrent.ParBoruvka.computeBoruvka(ParBoruvka.java:31)
	at edu.coursera.concurrent.BoruvkaPerformanceTest.lambda$driver$0(BoruvkaPerformanceTest.java:72)
	at java.lang.Thread.run(Thread.java:748)
  src/main/resources/boruvka/USA-road-d.FLA.gr.gz - edu.coursera.concurrent.ParBoruvka - 8
]]></system-err>
  </testcase>
  <testcase name="testInputUSAroadNE" classname="edu.coursera.concurrent.BoruvkaPerformanceTest" time="32.43">
    <error type="java.lang.AssertionError">java.lang.AssertionError
	at edu.coursera.concurrent.BoruvkaPerformanceTest.driver(BoruvkaPerformanceTest.java:93)
	at edu.coursera.concurrent.BoruvkaPerformanceTest.testInputUSAroadNE(BoruvkaPerformanceTest.java:119)
</error>
    <system-err><![CDATA[  src/main/resources/boruvka/USA-road-d.NE.gr.gz - edu.coursera.concurrent.boruvka.sequential.SeqBoruvka - 1378
  src/main/resources/boruvka/USA-road-d.NE.gr.gz - edu.coursera.concurrent.boruvka.sequential.SeqBoruvka - 1533
  src/main/resources/boruvka/USA-road-d.NE.gr.gz - edu.coursera.concurrent.boruvka.sequential.SeqBoruvka - 1240
  src/main/resources/boruvka/USA-road-d.NE.gr.gz - edu.coursera.concurrent.boruvka.sequential.SeqBoruvka - 1391
  src/main/resources/boruvka/USA-road-d.NE.gr.gz - edu.coursera.concurrent.boruvka.sequential.SeqBoruvka - 1213
Exception in thread "Thread-40" java.lang.UnsupportedOperationException
	at edu.coursera.concurrent.ParBoruvka.computeBoruvka(ParBoruvka.java:31)
	at edu.coursera.concurrent.BoruvkaPerformanceTest.lambda$driver$0(BoruvkaPerformanceTest.java:72)
	at java.lang.Thread.run(Thread.java:748)
Exception in thread "Thread-41" java.lang.UnsupportedOperationException
	at edu.coursera.concurrent.ParBoruvka.computeBoruvka(ParBoruvka.java:31)
	at edu.coursera.concurrent.BoruvkaPerformanceTest.lambda$driver$0(BoruvkaPerformanceTest.java:72)
	at java.lang.Thread.run(Thread.java:748)
Exception in thread "Thread-44" Exception in thread "Thread-43" Exception in thread "Thread-42" java.lang.UnsupportedOperationException
	at edu.coursera.concurrent.ParBoruvka.computeBoruvka(ParBoruvka.java:31)
	at edu.coursera.concurrent.BoruvkaPerformanceTest.lambda$driver$0(BoruvkaPerformanceTest.java:72)
	at java.lang.Thread.run(Thread.java:748)
Exception in thread "Thread-46" java.lang.UnsupportedOperationException
	at edu.coursera.concurrent.ParBoruvka.computeBoruvka(ParBoruvka.java:31)
	at edu.coursera.concurrent.BoruvkaPerformanceTest.lambda$driver$0(BoruvkaPerformanceTest.java:72)
	at java.lang.Thread.run(Thread.java:748)
java.lang.UnsupportedOperationException
	at edu.coursera.concurrent.ParBoruvka.computeBoruvka(ParBoruvka.java:31)
	at edu.coursera.concurrent.BoruvkaPerformanceTest.lambda$driver$0(BoruvkaPerformanceTest.java:72)
	at java.lang.Thread.run(Thread.java:748)
Exception in thread "Thread-45" Exception in thread "Thread-47" java.lang.UnsupportedOperationException
	at edu.coursera.concurrent.ParBoruvka.computeBoruvka(ParBoruvka.java:31)
	at edu.coursera.concurrent.BoruvkaPerformanceTest.lambda$driver$0(BoruvkaPerformanceTest.java:72)
	at java.lang.Thread.run(Thread.java:748)
java.lang.UnsupportedOperationException
	at edu.coursera.concurrent.ParBoruvka.computeBoruvka(ParBoruvka.java:31)
	at edu.coursera.concurrent.BoruvkaPerformanceTest.lambda$driver$0(BoruvkaPerformanceTest.java:72)
	at java.lang.Thread.run(Thread.java:748)
java.lang.UnsupportedOperationException
	at edu.coursera.concurrent.ParBoruvka.computeBoruvka(ParBoruvka.java:31)
	at edu.coursera.concurrent.BoruvkaPerformanceTest.lambda$driver$0(BoruvkaPerformanceTest.java:72)
	at java.lang.Thread.run(Thread.java:748)
  src/main/resources/boruvka/USA-road-d.NE.gr.gz - edu.coursera.concurrent.ParBoruvka - 2
Exception in thread "Thread-48" java.lang.UnsupportedOperationException
	at edu.coursera.concurrent.ParBoruvka.computeBoruvka(ParBoruvka.java:31)
	at edu.coursera.concurrent.BoruvkaPerformanceTest.lambda$driver$0(BoruvkaPerformanceTest.java:72)
	at java.lang.Thread.run(Thread.java:748)
Exception in thread "Thread-49" java.lang.UnsupportedOperationException
	at edu.coursera.concurrent.ParBoruvka.computeBoruvka(ParBoruvka.java:31)
	at edu.coursera.concurrent.BoruvkaPerformanceTest.lambda$driver$0(BoruvkaPerformanceTest.java:72)
	at java.lang.Thread.run(Thread.java:748)
Exception in thread "Thread-52" Exception in thread "Thread-51" Exception in thread "Thread-50" java.lang.UnsupportedOperationException
	at edu.coursera.concurrent.ParBoruvka.computeBoruvka(ParBoruvka.java:31)
	at edu.coursera.concurrent.BoruvkaPerformanceTest.lambda$driver$0(BoruvkaPerformanceTest.java:72)
	at java.lang.Thread.run(Thread.java:748)
java.lang.UnsupportedOperationException
	at edu.coursera.concurrent.ParBoruvka.computeBoruvka(ParBoruvka.java:31)
	at edu.coursera.concurrent.BoruvkaPerformanceTest.lambda$driver$0(BoruvkaPerformanceTest.java:72)
	at java.lang.Thread.run(Thread.java:748)
java.lang.UnsupportedOperationException
	at edu.coursera.concurrent.ParBoruvka.computeBoruvka(ParBoruvka.java:31)
	at edu.coursera.concurrent.BoruvkaPerformanceTest.lambda$driver$0(BoruvkaPerformanceTest.java:72)
	at java.lang.Thread.run(Thread.java:748)
Exception in thread "Thread-53" java.lang.UnsupportedOperationException
	at edu.coursera.concurrent.ParBoruvka.computeBoruvka(ParBoruvka.java:31)
	at edu.coursera.concurrent.BoruvkaPerformanceTest.lambda$driver$0(BoruvkaPerformanceTest.java:72)
	at java.lang.Thread.run(Thread.java:748)
Exception in thread "Thread-54" java.lang.UnsupportedOperationException
	at edu.coursera.concurrent.ParBoruvka.computeBoruvka(ParBoruvka.java:31)
	at edu.coursera.concurrent.BoruvkaPerformanceTest.lambda$driver$0(BoruvkaPerformanceTest.java:72)
	at java.lang.Thread.run(Thread.java:748)
Exception in thread "Thread-55" java.lang.UnsupportedOperationException
	at edu.coursera.concurrent.ParBoruvka.computeBoruvka(ParBoruvka.java:31)
	at edu.coursera.concurrent.BoruvkaPerformanceTest.lambda$driver$0(BoruvkaPerformanceTest.java:72)
	at java.lang.Thread.run(Thread.java:748)
  src/main/resources/boruvka/USA-road-d.NE.gr.gz - edu.coursera.concurrent.ParBoruvka - 13
Exception in thread "Thread-56" Exception in thread "Thread-57" java.lang.UnsupportedOperationException
	at edu.coursera.concurrent.ParBoruvka.computeBoruvka(ParBoruvka.java:31)
	at edu.coursera.concurrent.BoruvkaPerformanceTest.lambda$driver$0(BoruvkaPerformanceTest.java:72)
	at java.lang.Thread.run(Thread.java:748)
Exception in thread "Thread-58" Exception in thread "Thread-59" java.lang.UnsupportedOperationException
	at edu.coursera.concurrent.ParBoruvka.computeBoruvka(ParBoruvka.java:31)
	at edu.coursera.concurrent.BoruvkaPerformanceTest.lambda$driver$0(BoruvkaPerformanceTest.java:72)
	at java.lang.Thread.run(Thread.java:748)
java.lang.UnsupportedOperationException
	at edu.coursera.concurrent.ParBoruvka.computeBoruvka(ParBoruvka.java:31)
	at edu.coursera.concurrent.BoruvkaPerformanceTest.lambda$driver$0(BoruvkaPerformanceTest.java:72)
	at java.lang.Thread.run(Thread.java:748)
Exception in thread "Thread-61" Exception in thread "Thread-63" java.lang.UnsupportedOperationException
	at edu.coursera.concurrent.ParBoruvka.computeBoruvka(ParBoruvka.java:31)
	at edu.coursera.concurrent.BoruvkaPerformanceTest.lambda$driver$0(BoruvkaPerformanceTest.java:72)
	at java.lang.Thread.run(Thread.java:748)
Exception in thread "Thread-60" java.lang.UnsupportedOperationException
	at edu.coursera.concurrent.ParBoruvka.computeBoruvka(ParBoruvka.java:31)
	at edu.coursera.concurrent.BoruvkaPerformanceTest.lambda$driver$0(BoruvkaPerformanceTest.java:72)
	at java.lang.Thread.run(Thread.java:748)
java.lang.UnsupportedOperationException
	at edu.coursera.concurrent.ParBoruvka.computeBoruvka(ParBoruvka.java:31)
	at edu.coursera.concurrent.BoruvkaPerformanceTest.lambda$driver$0(BoruvkaPerformanceTest.java:72)
	at java.lang.Thread.run(Thread.java:748)
java.lang.UnsupportedOperationException
	at edu.coursera.concurrent.ParBoruvka.computeBoruvka(ParBoruvka.java:31)
	at edu.coursera.concurrent.BoruvkaPerformanceTest.lambda$driver$0(BoruvkaPerformanceTest.java:72)
	at java.lang.Thread.run(Thread.java:748)
Exception in thread "Thread-62" java.lang.UnsupportedOperationException
	at edu.coursera.concurrent.ParBoruvka.computeBoruvka(ParBoruvka.java:31)
	at edu.coursera.concurrent.BoruvkaPerformanceTest.lambda$driver$0(BoruvkaPerformanceTest.java:72)
	at java.lang.Thread.run(Thread.java:748)
  src/main/resources/boruvka/USA-road-d.NE.gr.gz - edu.coursera.concurrent.ParBoruvka - 2
Exception in thread "Thread-64" java.lang.UnsupportedOperationException
	at edu.coursera.concurrent.ParBoruvka.computeBoruvka(ParBoruvka.java:31)
	at edu.coursera.concurrent.BoruvkaPerformanceTest.lambda$driver$0(BoruvkaPerformanceTest.java:72)
	at java.lang.Thread.run(Thread.java:748)
Exception in thread "Thread-65" Exception in thread "Thread-67" java.lang.UnsupportedOperationException
	at edu.coursera.concurrent.ParBoruvka.computeBoruvka(ParBoruvka.java:31)
	at edu.coursera.concurrent.BoruvkaPerformanceTest.lambda$driver$0(BoruvkaPerformanceTest.java:72)
	at java.lang.Thread.run(Thread.java:748)
Exception in thread "Thread-70" java.lang.UnsupportedOperationException
	at edu.coursera.concurrent.ParBoruvka.computeBoruvka(ParBoruvka.java:31)
	at edu.coursera.concurrent.BoruvkaPerformanceTest.lambda$driver$0(BoruvkaPerformanceTest.java:72)
	at java.lang.Thread.run(Thread.java:748)
Exception in thread "Thread-66" Exception in thread "Thread-68" java.lang.UnsupportedOperationException
	at edu.coursera.concurrent.ParBoruvka.computeBoruvka(ParBoruvka.java:31)
	at edu.coursera.concurrent.BoruvkaPerformanceTest.lambda$driver$0(BoruvkaPerformanceTest.java:72)
	at java.lang.Thread.run(Thread.java:748)
java.lang.UnsupportedOperationException
	at edu.coursera.concurrent.ParBoruvka.computeBoruvka(ParBoruvka.java:31)
	at edu.coursera.concurrent.BoruvkaPerformanceTest.lambda$driver$0(BoruvkaPerformanceTest.java:72)
	at java.lang.Thread.run(Thread.java:748)
java.lang.UnsupportedOperationException
	at edu.coursera.concurrent.ParBoruvka.computeBoruvka(ParBoruvka.java:31)
	at edu.coursera.concurrent.BoruvkaPerformanceTest.lambda$driver$0(BoruvkaPerformanceTest.java:72)
	at java.lang.Thread.run(Thread.java:748)
Exception in thread "Thread-69" java.lang.UnsupportedOperationException
	at edu.coursera.concurrent.ParBoruvka.computeBoruvka(ParBoruvka.java:31)
	at edu.coursera.concurrent.BoruvkaPerformanceTest.lambda$driver$0(BoruvkaPerformanceTest.java:72)
	at java.lang.Thread.run(Thread.java:748)
Exception in thread "Thread-71" java.lang.UnsupportedOperationException
	at edu.coursera.concurrent.ParBoruvka.computeBoruvka(ParBoruvka.java:31)
	at edu.coursera.concurrent.BoruvkaPerformanceTest.lambda$driver$0(BoruvkaPerformanceTest.java:72)
	at java.lang.Thread.run(Thread.java:748)
  src/main/resources/boruvka/USA-road-d.NE.gr.gz - edu.coursera.concurrent.ParBoruvka - 2
Exception in thread "Thread-72" Exception in thread "Thread-75" java.lang.UnsupportedOperationException
	at edu.coursera.concurrent.ParBoruvka.computeBoruvka(ParBoruvka.java:31)
	at edu.coursera.concurrent.BoruvkaPerformanceTest.lambda$driver$0(BoruvkaPerformanceTest.java:72)
	at java.lang.Thread.run(Thread.java:748)
Exception in thread "Thread-74" Exception in thread "Thread-73" java.lang.UnsupportedOperationException
	at edu.coursera.concurrent.ParBoruvka.computeBoruvka(ParBoruvka.java:31)
	at edu.coursera.concurrent.BoruvkaPerformanceTest.lambda$driver$0(BoruvkaPerformanceTest.java:72)
	at java.lang.Thread.run(Thread.java:748)
Exception in thread "Thread-76" java.lang.UnsupportedOperationException
	at edu.coursera.concurrent.ParBoruvka.computeBoruvka(ParBoruvka.java:31)
	at edu.coursera.concurrent.BoruvkaPerformanceTest.lambda$driver$0(BoruvkaPerformanceTest.java:72)
	at java.lang.Thread.run(Thread.java:748)
java.lang.UnsupportedOperationException
	at edu.coursera.concurrent.ParBoruvka.computeBoruvka(ParBoruvka.java:31)
	at edu.coursera.concurrent.BoruvkaPerformanceTest.lambda$driver$0(BoruvkaPerformanceTest.java:72)
	at java.lang.Thread.run(Thread.java:748)
java.lang.UnsupportedOperationException
	at edu.coursera.concurrent.ParBoruvka.computeBoruvka(ParBoruvka.java:31)
	at edu.coursera.concurrent.BoruvkaPerformanceTest.lambda$driver$0(BoruvkaPerformanceTest.java:72)
	at java.lang.Thread.run(Thread.java:748)
Exception in thread "Thread-78" Exception in thread "Thread-77" java.lang.UnsupportedOperationException
	at edu.coursera.concurrent.ParBoruvka.computeBoruvka(ParBoruvka.java:31)
	at edu.coursera.concurrent.BoruvkaPerformanceTest.lambda$driver$0(BoruvkaPerformanceTest.java:72)
	at java.lang.Thread.run(Thread.java:748)
Exception in thread "Thread-79" java.lang.UnsupportedOperationException
	at edu.coursera.concurrent.ParBoruvka.computeBoruvka(ParBoruvka.java:31)
	at edu.coursera.concurrent.BoruvkaPerformanceTest.lambda$driver$0(BoruvkaPerformanceTest.java:72)
	at java.lang.Thread.run(Thread.java:748)
java.lang.UnsupportedOperationException
	at edu.coursera.concurrent.ParBoruvka.computeBoruvka(ParBoruvka.java:31)
	at edu.coursera.concurrent.BoruvkaPerformanceTest.lambda$driver$0(BoruvkaPerformanceTest.java:72)
	at java.lang.Thread.run(Thread.java:748)
  src/main/resources/boruvka/USA-road-d.NE.gr.gz - edu.coursera.concurrent.ParBoruvka - 513
]]></system-err>
  </testcase>
</testsuite>