<?xml version="1.0" encoding="UTF-8"?>
<testsuite name="edu.coursera.parallel.ReciprocalArraySumTest" time="51.847" tests="4" errors="0" skipped="0" failures="2">
  <properties>
[...]
</properties>
  <testcase name="testParSimpleTwoMillion" classname="edu.coursera.parallel.ReciprocalArraySumTest" time="0.318"/>
  <testcase name="testParSimpleTwoHundredMillion" classname="edu.coursera.parallel.ReciprocalArraySumTest" time="27.554"/>
  <testcase name="testParManyTaskTwoMillion" classname="edu.coursera.parallel.ReciprocalArraySumTest" time="0.288">
    <failure message="It was expected that the many-task parallel implementation would run at least 4.800000x faster, but it only achieved 2.000000x speedup" type="junit.framework.AssertionFailedError">junit.framework.AssertionFailedError: It was expected that the many-task parallel implementation would run at least 4.800000x faster, but it only achieved 2.000000x speedup
	at junit.framework.Assert.fail(Assert.java:47)
	at junit.framework.Assert.assertTrue(Assert.java:20)
	at edu.coursera.parallel.ReciprocalArraySumTest.testParManyTaskTwoMillion(ReciprocalArraySumTest.java:151)
</failure>
    <system-out><![CDATA[start: 0, end: 250000
start: 250000, end: 500000
start: 500000, end: 750000
start: 750000, end: 1000000
start: 1000000, end: 1250000
start: 1250000, end: 1500000
start: 1500000, end: 1750000
numTasks: 8
tasks size: 8
start: 0, end: 250000
start: 250000, end: 500000
start: 500000, end: 750000
start: 750000, end: 1000000
start: 1000000, end: 1250000
start: 1250000, end: 1500000
start: 1500000, end: 1750000
numTasks: 8
tasks size: 8
start: 0, end: 250000
start: 250000, end: 500000
start: 500000, end: 750000
start: 750000, end: 1000000
start: 1000000, end: 1250000
start: 1250000, end: 1500000
start: 1500000, end: 1750000
numTasks: 8
tasks size: 8
start: 0, end: 250000
start: 250000, end: 500000
start: 500000, end: 750000
start: 750000, end: 1000000
start: 1000000, end: 1250000
start: 1250000, end: 1500000
start: 1500000, end: 1750000
numTasks: 8
tasks size: 8
start: 0, end: 250000
start: 250000, end: 500000
start: 500000, end: 750000
start: 750000, end: 1000000
start: 1000000, end: 1250000
start: 1250000, end: 1500000
start: 1500000, end: 1750000
numTasks: 8
tasks size: 8
start: 0, end: 250000
start: 250000, end: 500000
start: 500000, end: 750000
start: 750000, end: 1000000
start: 1000000, end: 1250000
start: 1250000, end: 1500000
start: 1500000, end: 1750000
numTasks: 8
tasks size: 8
start: 0, end: 250000
start: 250000, end: 500000
start: 500000, end: 750000
start: 750000, end: 1000000
start: 1000000, end: 1250000
start: 1250000, end: 1500000
start: 1500000, end: 1750000
numTasks: 8
tasks size: 8
start: 0, end: 250000
start: 250000, end: 500000
start: 500000, end: 750000
start: 750000, end: 1000000
start: 1000000, end: 1250000
start: 1250000, end: 1500000
start: 1500000, end: 1750000
numTasks: 8
tasks size: 8
start: 0, end: 250000
start: 250000, end: 500000
start: 500000, end: 750000
start: 750000, end: 1000000
start: 1000000, end: 1250000
start: 1250000, end: 1500000
start: 1500000, end: 1750000
numTasks: 8
tasks size: 8
start: 0, end: 250000
start: 250000, end: 500000
start: 500000, end: 750000
start: 750000, end: 1000000
start: 1000000, end: 1250000
start: 1250000, end: 1500000
start: 1500000, end: 1750000
numTasks: 8
tasks size: 8
start: 0, end: 250000
start: 250000, end: 500000
start: 500000, end: 750000
start: 750000, end: 1000000
start: 1000000, end: 1250000
start: 1250000, end: 1500000
start: 1500000, end: 1750000
numTasks: 8
tasks size: 8
start: 0, end: 250000
start: 250000, end: 500000
start: 500000, end: 750000
start: 750000, end: 1000000
start: 1000000, end: 1250000
start: 1250000, end: 1500000
start: 1500000, end: 1750000
numTasks: 8
tasks size: 8
start: 0, end: 250000
start: 250000, end: 500000
start: 500000, end: 750000
start: 750000, end: 1000000
start: 1000000, end: 1250000
start: 1250000, end: 1500000
start: 1500000, end: 1750000
numTasks: 8
tasks size: 8
start: 0, end: 250000
start: 250000, end: 500000
start: 500000, end: 750000
start: 750000, end: 1000000
start: 1000000, end: 1250000
start: 1250000, end: 1500000
start: 1500000, end: 1750000
numTasks: 8
tasks size: 8
start: 0, end: 250000
start: 250000, end: 500000
start: 500000, end: 750000
start: 750000, end: 1000000
start: 1000000, end: 1250000
start: 1250000, end: 1500000
start: 1500000, end: 1750000
numTasks: 8
tasks size: 8
start: 0, end: 250000
start: 250000, end: 500000
start: 500000, end: 750000
start: 750000, end: 1000000
start: 1000000, end: 1250000
start: 1250000, end: 1500000
start: 1500000, end: 1750000
numTasks: 8
tasks size: 8
start: 0, end: 250000
start: 250000, end: 500000
start: 500000, end: 750000
start: 750000, end: 1000000
start: 1000000, end: 1250000
start: 1250000, end: 1500000
start: 1500000, end: 1750000
numTasks: 8
tasks size: 8
start: 0, end: 250000
start: 250000, end: 500000
start: 500000, end: 750000
start: 750000, end: 1000000
start: 1000000, end: 1250000
start: 1250000, end: 1500000
start: 1500000, end: 1750000
numTasks: 8
tasks size: 8
start: 0, end: 250000
start: 250000, end: 500000
start: 500000, end: 750000
start: 750000, end: 1000000
start: 1000000, end: 1250000
start: 1250000, end: 1500000
start: 1500000, end: 1750000
numTasks: 8
tasks size: 8
start: 0, end: 250000
start: 250000, end: 500000
start: 500000, end: 750000
start: 750000, end: 1000000
start: 1000000, end: 1250000
start: 1250000, end: 1500000
start: 1500000, end: 1750000
numTasks: 8
tasks size: 8
start: 0, end: 250000
start: 250000, end: 500000
start: 500000, end: 750000
start: 750000, end: 1000000
start: 1000000, end: 1250000
start: 1250000, end: 1500000
start: 1500000, end: 1750000
numTasks: 8
tasks size: 8
start: 0, end: 250000
start: 250000, end: 500000
start: 500000, end: 750000
start: 750000, end: 1000000
start: 1000000, end: 1250000
start: 1250000, end: 1500000
start: 1500000, end: 1750000
numTasks: 8
tasks size: 8
start: 0, end: 250000
start: 250000, end: 500000
start: 500000, end: 750000
start: 750000, end: 1000000
start: 1000000, end: 1250000
start: 1250000, end: 1500000
start: 1500000, end: 1750000
numTasks: 8
tasks size: 8
start: 0, end: 250000
start: 250000, end: 500000
start: 500000, end: 750000
start: 750000, end: 1000000
start: 1000000, end: 1250000
start: 1250000, end: 1500000
start: 1500000, end: 1750000
numTasks: 8
tasks size: 8
start: 0, end: 250000
start: 250000, end: 500000
start: 500000, end: 750000
start: 750000, end: 1000000
start: 1000000, end: 1250000
start: 1250000, end: 1500000
start: 1500000, end: 1750000
numTasks: 8
tasks size: 8
start: 0, end: 250000
start: 250000, end: 500000
start: 500000, end: 750000
start: 750000, end: 1000000
start: 1000000, end: 1250000
start: 1250000, end: 1500000
start: 1500000, end: 1750000
numTasks: 8
tasks size: 8
start: 0, end: 250000
start: 250000, end: 500000
start: 500000, end: 750000
start: 750000, end: 1000000
start: 1000000, end: 1250000
start: 1250000, end: 1500000
start: 1500000, end: 1750000
numTasks: 8
tasks size: 8
start: 0, end: 250000
start: 250000, end: 500000
start: 500000, end: 750000
start: 750000, end: 1000000
start: 1000000, end: 1250000
start: 1250000, end: 1500000
start: 1500000, end: 1750000
numTasks: 8
tasks size: 8
start: 0, end: 250000
start: 250000, end: 500000
start: 500000, end: 750000
start: 750000, end: 1000000
start: 1000000, end: 1250000
start: 1250000, end: 1500000
start: 1500000, end: 1750000
numTasks: 8
tasks size: 8
start: 0, end: 250000
start: 250000, end: 500000
start: 500000, end: 750000
start: 750000, end: 1000000
start: 1000000, end: 1250000
start: 1250000, end: 1500000
start: 1500000, end: 1750000
numTasks: 8
tasks size: 8
start: 0, end: 250000
start: 250000, end: 500000
start: 500000, end: 750000
start: 750000, end: 1000000
start: 1000000, end: 1250000
start: 1250000, end: 1500000
start: 1500000, end: 1750000
numTasks: 8
tasks size: 8
start: 0, end: 250000
start: 250000, end: 500000
start: 500000, end: 750000
start: 750000, end: 1000000
start: 1000000, end: 1250000
start: 1250000, end: 1500000
start: 1500000, end: 1750000
numTasks: 8
tasks size: 8
start: 0, end: 250000
start: 250000, end: 500000
start: 500000, end: 750000
start: 750000, end: 1000000
start: 1000000, end: 1250000
start: 1250000, end: 1500000
start: 1500000, end: 1750000
numTasks: 8
tasks size: 8
start: 0, end: 250000
start: 250000, end: 500000
start: 500000, end: 750000
start: 750000, end: 1000000
start: 1000000, end: 1250000
start: 1250000, end: 1500000
start: 1500000, end: 1750000
numTasks: 8
tasks size: 8
start: 0, end: 250000
start: 250000, end: 500000
start: 500000, end: 750000
start: 750000, end: 1000000
start: 1000000, end: 1250000
start: 1250000, end: 1500000
start: 1500000, end: 1750000
numTasks: 8
tasks size: 8
start: 0, end: 250000
start: 250000, end: 500000
start: 500000, end: 750000
start: 750000, end: 1000000
start: 1000000, end: 1250000
start: 1250000, end: 1500000
start: 1500000, end: 1750000
numTasks: 8
tasks size: 8
start: 0, end: 250000
start: 250000, end: 500000
start: 500000, end: 750000
start: 750000, end: 1000000
start: 1000000, end: 1250000
start: 1250000, end: 1500000
start: 1500000, end: 1750000
numTasks: 8
tasks size: 8
start: 0, end: 250000
start: 250000, end: 500000
start: 500000, end: 750000
start: 750000, end: 1000000
start: 1000000, end: 1250000
start: 1250000, end: 1500000
start: 1500000, end: 1750000
numTasks: 8
tasks size: 8
start: 0, end: 250000
start: 250000, end: 500000
start: 500000, end: 750000
start: 750000, end: 1000000
start: 1000000, end: 1250000
start: 1250000, end: 1500000
start: 1500000, end: 1750000
numTasks: 8
tasks size: 8
start: 0, end: 250000
start: 250000, end: 500000
start: 500000, end: 750000
start: 750000, end: 1000000
start: 1000000, end: 1250000
start: 1250000, end: 1500000
start: 1500000, end: 1750000
numTasks: 8
tasks size: 8
start: 0, end: 250000
start: 250000, end: 500000
start: 500000, end: 750000
start: 750000, end: 1000000
start: 1000000, end: 1250000
start: 1250000, end: 1500000
start: 1500000, end: 1750000
numTasks: 8
tasks size: 8
start: 0, end: 250000
start: 250000, end: 500000
start: 500000, end: 750000
start: 750000, end: 1000000
start: 1000000, end: 1250000
start: 1250000, end: 1500000
start: 1500000, end: 1750000
numTasks: 8
tasks size: 8
start: 0, end: 250000
start: 250000, end: 500000
start: 500000, end: 750000
start: 750000, end: 1000000
start: 1000000, end: 1250000
start: 1250000, end: 1500000
start: 1500000, end: 1750000
numTasks: 8
tasks size: 8
start: 0, end: 250000
start: 250000, end: 500000
start: 500000, end: 750000
start: 750000, end: 1000000
start: 1000000, end: 1250000
start: 1250000, end: 1500000
start: 1500000, end: 1750000
numTasks: 8
tasks size: 8
start: 0, end: 250000
start: 250000, end: 500000
start: 500000, end: 750000
start: 750000, end: 1000000
start: 1000000, end: 1250000
start: 1250000, end: 1500000
start: 1500000, end: 1750000
numTasks: 8
tasks size: 8
start: 0, end: 250000
start: 250000, end: 500000
start: 500000, end: 750000
start: 750000, end: 1000000
start: 1000000, end: 1250000
start: 1250000, end: 1500000
start: 1500000, end: 1750000
numTasks: 8
tasks size: 8
start: 0, end: 250000
start: 250000, end: 500000
start: 500000, end: 750000
start: 750000, end: 1000000
start: 1000000, end: 1250000
start: 1250000, end: 1500000
start: 1500000, end: 1750000
numTasks: 8
tasks size: 8
start: 0, end: 250000
start: 250000, end: 500000
start: 500000, end: 750000
start: 750000, end: 1000000
start: 1000000, end: 1250000
start: 1250000, end: 1500000
start: 1500000, end: 1750000
numTasks: 8
tasks size: 8
start: 0, end: 250000
start: 250000, end: 500000
start: 500000, end: 750000
start: 750000, end: 1000000
start: 1000000, end: 1250000
start: 1250000, end: 1500000
start: 1500000, end: 1750000
numTasks: 8
tasks size: 8
start: 0, end: 250000
start: 250000, end: 500000
start: 500000, end: 750000
start: 750000, end: 1000000
start: 1000000, end: 1250000
start: 1250000, end: 1500000
start: 1500000, end: 1750000
numTasks: 8
tasks size: 8
start: 0, end: 250000
start: 250000, end: 500000
start: 500000, end: 750000
start: 750000, end: 1000000
start: 1000000, end: 1250000
start: 1250000, end: 1500000
start: 1500000, end: 1750000
numTasks: 8
tasks size: 8
start: 0, end: 250000
start: 250000, end: 500000
start: 500000, end: 750000
start: 750000, end: 1000000
start: 1000000, end: 1250000
start: 1250000, end: 1500000
start: 1500000, end: 1750000
numTasks: 8
tasks size: 8
start: 0, end: 250000
start: 250000, end: 500000
start: 500000, end: 750000
start: 750000, end: 1000000
start: 1000000, end: 1250000
start: 1250000, end: 1500000
start: 1500000, end: 1750000
numTasks: 8
tasks size: 8
start: 0, end: 250000
start: 250000, end: 500000
start: 500000, end: 750000
start: 750000, end: 1000000
start: 1000000, end: 1250000
start: 1250000, end: 1500000
start: 1500000, end: 1750000
numTasks: 8
tasks size: 8
start: 0, end: 250000
start: 250000, end: 500000
start: 500000, end: 750000
start: 750000, end: 1000000
start: 1000000, end: 1250000
start: 1250000, end: 1500000
start: 1500000, end: 1750000
numTasks: 8
tasks size: 8
start: 0, end: 250000
start: 250000, end: 500000
start: 500000, end: 750000
start: 750000, end: 1000000
start: 1000000, end: 1250000
start: 1250000, end: 1500000
start: 1500000, end: 1750000
numTasks: 8
tasks size: 8
start: 0, end: 250000
start: 250000, end: 500000
start: 500000, end: 750000
start: 750000, end: 1000000
start: 1000000, end: 1250000
start: 1250000, end: 1500000
start: 1500000, end: 1750000
numTasks: 8
tasks size: 8
start: 0, end: 250000
start: 250000, end: 500000
start: 500000, end: 750000
start: 750000, end: 1000000
start: 1000000, end: 1250000
start: 1250000, end: 1500000
start: 1500000, end: 1750000
numTasks: 8
tasks size: 8
start: 0, end: 250000
start: 250000, end: 500000
start: 500000, end: 750000
start: 750000, end: 1000000
start: 1000000, end: 1250000
start: 1250000, end: 1500000
start: 1500000, end: 1750000
numTasks: 8
tasks size: 8
start: 0, end: 250000
start: 250000, end: 500000
start: 500000, end: 750000
start: 750000, end: 1000000
start: 1000000, end: 1250000
start: 1250000, end: 1500000
start: 1500000, end: 1750000
numTasks: 8
tasks size: 8
start: 0, end: 250000
start: 250000, end: 500000
start: 500000, end: 750000
start: 750000, end: 1000000
start: 1000000, end: 1250000
start: 1250000, end: 1500000
start: 1500000, end: 1750000
numTasks: 8
tasks size: 8
]]></system-out>
  </testcase>
  <testcase name="testParManyTaskTwoHundredMillion" classname="edu.coursera.parallel.ReciprocalArraySumTest" time="23.687">
    <failure message="It was expected that the many-task parallel implementation would run at least 6.400000x faster, but it only achieved 3.830986x speedup" type="junit.framework.AssertionFailedError">junit.framework.AssertionFailedError: It was expected that the many-task parallel implementation would run at least 6.400000x faster, but it only achieved 3.830986x speedup
	at junit.framework.Assert.fail(Assert.java:47)
	at junit.framework.Assert.assertTrue(Assert.java:20)
	at edu.coursera.parallel.ReciprocalArraySumTest.testParManyTaskTwoHundredMillion(ReciprocalArraySumTest.java:163)
</failure>
    <system-out><![CDATA[start: 0, end: 25000000
start: 25000000, end: 50000000
start: 50000000, end: 75000000
start: 75000000, end: 100000000
start: 100000000, end: 125000000
start: 125000000, end: 150000000
start: 150000000, end: 175000000
numTasks: 8
tasks size: 8
start: 0, end: 25000000
start: 25000000, end: 50000000
start: 50000000, end: 75000000
start: 75000000, end: 100000000
start: 100000000, end: 125000000
start: 125000000, end: 150000000
start: 150000000, end: 175000000
numTasks: 8
tasks size: 8
start: 0, end: 25000000
start: 25000000, end: 50000000
start: 50000000, end: 75000000
start: 75000000, end: 100000000
start: 100000000, end: 125000000
start: 125000000, end: 150000000
start: 150000000, end: 175000000
numTasks: 8
tasks size: 8
start: 0, end: 25000000
start: 25000000, end: 50000000
start: 50000000, end: 75000000
start: 75000000, end: 100000000
start: 100000000, end: 125000000
start: 125000000, end: 150000000
start: 150000000, end: 175000000
numTasks: 8
tasks size: 8
start: 0, end: 25000000
start: 25000000, end: 50000000
start: 50000000, end: 75000000
start: 75000000, end: 100000000
start: 100000000, end: 125000000
start: 125000000, end: 150000000
start: 150000000, end: 175000000
numTasks: 8
tasks size: 8
start: 0, end: 25000000
start: 25000000, end: 50000000
start: 50000000, end: 75000000
start: 75000000, end: 100000000
start: 100000000, end: 125000000
start: 125000000, end: 150000000
start: 150000000, end: 175000000
numTasks: 8
tasks size: 8
start: 0, end: 25000000
start: 25000000, end: 50000000
start: 50000000, end: 75000000
start: 75000000, end: 100000000
start: 100000000, end: 125000000
start: 125000000, end: 150000000
start: 150000000, end: 175000000
numTasks: 8
tasks size: 8
start: 0, end: 25000000
start: 25000000, end: 50000000
start: 50000000, end: 75000000
start: 75000000, end: 100000000
start: 100000000, end: 125000000
start: 125000000, end: 150000000
start: 150000000, end: 175000000
numTasks: 8
tasks size: 8
start: 0, end: 25000000
start: 25000000, end: 50000000
start: 50000000, end: 75000000
start: 75000000, end: 100000000
start: 100000000, end: 125000000
start: 125000000, end: 150000000
start: 150000000, end: 175000000
numTasks: 8
tasks size: 8
start: 0, end: 25000000
start: 25000000, end: 50000000
start: 50000000, end: 75000000
start: 75000000, end: 100000000
start: 100000000, end: 125000000
start: 125000000, end: 150000000
start: 150000000, end: 175000000
numTasks: 8
tasks size: 8
start: 0, end: 25000000
start: 25000000, end: 50000000
start: 50000000, end: 75000000
start: 75000000, end: 100000000
start: 100000000, end: 125000000
start: 125000000, end: 150000000
start: 150000000, end: 175000000
numTasks: 8
tasks size: 8
start: 0, end: 25000000
start: 25000000, end: 50000000
start: 50000000, end: 75000000
start: 75000000, end: 100000000
start: 100000000, end: 125000000
start: 125000000, end: 150000000
start: 150000000, end: 175000000
numTasks: 8
tasks size: 8
start: 0, end: 25000000
start: 25000000, end: 50000000
start: 50000000, end: 75000000
start: 75000000, end: 100000000
start: 100000000, end: 125000000
start: 125000000, end: 150000000
start: 150000000, end: 175000000
numTasks: 8
tasks size: 8
start: 0, end: 25000000
start: 25000000, end: 50000000
start: 50000000, end: 75000000
start: 75000000, end: 100000000
start: 100000000, end: 125000000
start: 125000000, end: 150000000
start: 150000000, end: 175000000
numTasks: 8
tasks size: 8
start: 0, end: 25000000
start: 25000000, end: 50000000
start: 50000000, end: 75000000
start: 75000000, end: 100000000
start: 100000000, end: 125000000
start: 125000000, end: 150000000
start: 150000000, end: 175000000
numTasks: 8
tasks size: 8
start: 0, end: 25000000
start: 25000000, end: 50000000
start: 50000000, end: 75000000
start: 75000000, end: 100000000
start: 100000000, end: 125000000
start: 125000000, end: 150000000
start: 150000000, end: 175000000
numTasks: 8
tasks size: 8
start: 0, end: 25000000
start: 25000000, end: 50000000
start: 50000000, end: 75000000
start: 75000000, end: 100000000
start: 100000000, end: 125000000
start: 125000000, end: 150000000
start: 150000000, end: 175000000
numTasks: 8
tasks size: 8
start: 0, end: 25000000
start: 25000000, end: 50000000
start: 50000000, end: 75000000
start: 75000000, end: 100000000
start: 100000000, end: 125000000
start: 125000000, end: 150000000
start: 150000000, end: 175000000
numTasks: 8
tasks size: 8
start: 0, end: 25000000
start: 25000000, end: 50000000
start: 50000000, end: 75000000
start: 75000000, end: 100000000
start: 100000000, end: 125000000
start: 125000000, end: 150000000
start: 150000000, end: 175000000
numTasks: 8
tasks size: 8
start: 0, end: 25000000
start: 25000000, end: 50000000
start: 50000000, end: 75000000
start: 75000000, end: 100000000
start: 100000000, end: 125000000
start: 125000000, end: 150000000
start: 150000000, end: 175000000
numTasks: 8
tasks size: 8
start: 0, end: 25000000
start: 25000000, end: 50000000
start: 50000000, end: 75000000
start: 75000000, end: 100000000
start: 100000000, end: 125000000
start: 125000000, end: 150000000
start: 150000000, end: 175000000
numTasks: 8
tasks size: 8
start: 0, end: 25000000
start: 25000000, end: 50000000
start: 50000000, end: 75000000
start: 75000000, end: 100000000
start: 100000000, end: 125000000
start: 125000000, end: 150000000
start: 150000000, end: 175000000
numTasks: 8
tasks size: 8
start: 0, end: 25000000
start: 25000000, end: 50000000
start: 50000000, end: 75000000
start: 75000000, end: 100000000
start: 100000000, end: 125000000
start: 125000000, end: 150000000
start: 150000000, end: 175000000
numTasks: 8
tasks size: 8
start: 0, end: 25000000
start: 25000000, end: 50000000
start: 50000000, end: 75000000
start: 75000000, end: 100000000
start: 100000000, end: 125000000
start: 125000000, end: 150000000
start: 150000000, end: 175000000
numTasks: 8
tasks size: 8
start: 0, end: 25000000
start: 25000000, end: 50000000
start: 50000000, end: 75000000
start: 75000000, end: 100000000
start: 100000000, end: 125000000
start: 125000000, end: 150000000
start: 150000000, end: 175000000
numTasks: 8
tasks size: 8
start: 0, end: 25000000
start: 25000000, end: 50000000
start: 50000000, end: 75000000
start: 75000000, end: 100000000
start: 100000000, end: 125000000
start: 125000000, end: 150000000
start: 150000000, end: 175000000
numTasks: 8
tasks size: 8
start: 0, end: 25000000
start: 25000000, end: 50000000
start: 50000000, end: 75000000
start: 75000000, end: 100000000
start: 100000000, end: 125000000
start: 125000000, end: 150000000
start: 150000000, end: 175000000
numTasks: 8
tasks size: 8
start: 0, end: 25000000
start: 25000000, end: 50000000
start: 50000000, end: 75000000
start: 75000000, end: 100000000
start: 100000000, end: 125000000
start: 125000000, end: 150000000
start: 150000000, end: 175000000
numTasks: 8
tasks size: 8
start: 0, end: 25000000
start: 25000000, end: 50000000
start: 50000000, end: 75000000
start: 75000000, end: 100000000
start: 100000000, end: 125000000
start: 125000000, end: 150000000
start: 150000000, end: 175000000
numTasks: 8
tasks size: 8
start: 0, end: 25000000
start: 25000000, end: 50000000
start: 50000000, end: 75000000
start: 75000000, end: 100000000
start: 100000000, end: 125000000
start: 125000000, end: 150000000
start: 150000000, end: 175000000
numTasks: 8
tasks size: 8
start: 0, end: 25000000
start: 25000000, end: 50000000
start: 50000000, end: 75000000
start: 75000000, end: 100000000
start: 100000000, end: 125000000
start: 125000000, end: 150000000
start: 150000000, end: 175000000
numTasks: 8
tasks size: 8
start: 0, end: 25000000
start: 25000000, end: 50000000
start: 50000000, end: 75000000
start: 75000000, end: 100000000
start: 100000000, end: 125000000
start: 125000000, end: 150000000
start: 150000000, end: 175000000
numTasks: 8
tasks size: 8
start: 0, end: 25000000
start: 25000000, end: 50000000
start: 50000000, end: 75000000
start: 75000000, end: 100000000
start: 100000000, end: 125000000
start: 125000000, end: 150000000
start: 150000000, end: 175000000
numTasks: 8
tasks size: 8
start: 0, end: 25000000
start: 25000000, end: 50000000
start: 50000000, end: 75000000
start: 75000000, end: 100000000
start: 100000000, end: 125000000
start: 125000000, end: 150000000
start: 150000000, end: 175000000
numTasks: 8
tasks size: 8
start: 0, end: 25000000
start: 25000000, end: 50000000
start: 50000000, end: 75000000
start: 75000000, end: 100000000
start: 100000000, end: 125000000
start: 125000000, end: 150000000
start: 150000000, end: 175000000
numTasks: 8
tasks size: 8
start: 0, end: 25000000
start: 25000000, end: 50000000
start: 50000000, end: 75000000
start: 75000000, end: 100000000
start: 100000000, end: 125000000
start: 125000000, end: 150000000
start: 150000000, end: 175000000
numTasks: 8
tasks size: 8
start: 0, end: 25000000
start: 25000000, end: 50000000
start: 50000000, end: 75000000
start: 75000000, end: 100000000
start: 100000000, end: 125000000
start: 125000000, end: 150000000
start: 150000000, end: 175000000
numTasks: 8
tasks size: 8
start: 0, end: 25000000
start: 25000000, end: 50000000
start: 50000000, end: 75000000
start: 75000000, end: 100000000
start: 100000000, end: 125000000
start: 125000000, end: 150000000
start: 150000000, end: 175000000
numTasks: 8
tasks size: 8
start: 0, end: 25000000
start: 25000000, end: 50000000
start: 50000000, end: 75000000
start: 75000000, end: 100000000
start: 100000000, end: 125000000
start: 125000000, end: 150000000
start: 150000000, end: 175000000
numTasks: 8
tasks size: 8
start: 0, end: 25000000
start: 25000000, end: 50000000
start: 50000000, end: 75000000
start: 75000000, end: 100000000
start: 100000000, end: 125000000
start: 125000000, end: 150000000
start: 150000000, end: 175000000
numTasks: 8
tasks size: 8
start: 0, end: 25000000
start: 25000000, end: 50000000
start: 50000000, end: 75000000
start: 75000000, end: 100000000
start: 100000000, end: 125000000
start: 125000000, end: 150000000
start: 150000000, end: 175000000
numTasks: 8
tasks size: 8
start: 0, end: 25000000
start: 25000000, end: 50000000
start: 50000000, end: 75000000
start: 75000000, end: 100000000
start: 100000000, end: 125000000
start: 125000000, end: 150000000
start: 150000000, end: 175000000
numTasks: 8
tasks size: 8
start: 0, end: 25000000
start: 25000000, end: 50000000
start: 50000000, end: 75000000
start: 75000000, end: 100000000
start: 100000000, end: 125000000
start: 125000000, end: 150000000
start: 150000000, end: 175000000
numTasks: 8
tasks size: 8
start: 0, end: 25000000
start: 25000000, end: 50000000
start: 50000000, end: 75000000
start: 75000000, end: 100000000
start: 100000000, end: 125000000
start: 125000000, end: 150000000
start: 150000000, end: 175000000
numTasks: 8
tasks size: 8
start: 0, end: 25000000
start: 25000000, end: 50000000
start: 50000000, end: 75000000
start: 75000000, end: 100000000
start: 100000000, end: 125000000
start: 125000000, end: 150000000
start: 150000000, end: 175000000
numTasks: 8
tasks size: 8
start: 0, end: 25000000
start: 25000000, end: 50000000
start: 50000000, end: 75000000
start: 75000000, end: 100000000
start: 100000000, end: 125000000
start: 125000000, end: 150000000
start: 150000000, end: 175000000
numTasks: 8
tasks size: 8
start: 0, end: 25000000
start: 25000000, end: 50000000
start: 50000000, end: 75000000
start: 75000000, end: 100000000
start: 100000000, end: 125000000
start: 125000000, end: 150000000
start: 150000000, end: 175000000
numTasks: 8
tasks size: 8
start: 0, end: 25000000
start: 25000000, end: 50000000
start: 50000000, end: 75000000
start: 75000000, end: 100000000
start: 100000000, end: 125000000
start: 125000000, end: 150000000
start: 150000000, end: 175000000
numTasks: 8
tasks size: 8
start: 0, end: 25000000
start: 25000000, end: 50000000
start: 50000000, end: 75000000
start: 75000000, end: 100000000
start: 100000000, end: 125000000
start: 125000000, end: 150000000
start: 150000000, end: 175000000
numTasks: 8
tasks size: 8
start: 0, end: 25000000
start: 25000000, end: 50000000
start: 50000000, end: 75000000
start: 75000000, end: 100000000
start: 100000000, end: 125000000
start: 125000000, end: 150000000
start: 150000000, end: 175000000
numTasks: 8
tasks size: 8
start: 0, end: 25000000
start: 25000000, end: 50000000
start: 50000000, end: 75000000
start: 75000000, end: 100000000
start: 100000000, end: 125000000
start: 125000000, end: 150000000
start: 150000000, end: 175000000
numTasks: 8
tasks size: 8
start: 0, end: 25000000
start: 25000000, end: 50000000
start: 50000000, end: 75000000
start: 75000000, end: 100000000
start: 100000000, end: 125000000
start: 125000000, end: 150000000
start: 150000000, end: 175000000
numTasks: 8
tasks size: 8
start: 0, end: 25000000
start: 25000000, end: 50000000
start: 50000000, end: 75000000
start: 75000000, end: 100000000
start: 100000000, end: 125000000
start: 125000000, end: 150000000
start: 150000000, end: 175000000
numTasks: 8
tasks size: 8
start: 0, end: 25000000
start: 25000000, end: 50000000
start: 50000000, end: 75000000
start: 75000000, end: 100000000
start: 100000000, end: 125000000
start: 125000000, end: 150000000
start: 150000000, end: 175000000
numTasks: 8
tasks size: 8
start: 0, end: 25000000
start: 25000000, end: 50000000
start: 50000000, end: 75000000
start: 75000000, end: 100000000
start: 100000000, end: 125000000
start: 125000000, end: 150000000
start: 150000000, end: 175000000
numTasks: 8
tasks size: 8
start: 0, end: 25000000
start: 25000000, end: 50000000
start: 50000000, end: 75000000
start: 75000000, end: 100000000
start: 100000000, end: 125000000
start: 125000000, end: 150000000
start: 150000000, end: 175000000
numTasks: 8
tasks size: 8
start: 0, end: 25000000
start: 25000000, end: 50000000
start: 50000000, end: 75000000
start: 75000000, end: 100000000
start: 100000000, end: 125000000
start: 125000000, end: 150000000
start: 150000000, end: 175000000
numTasks: 8
tasks size: 8
start: 0, end: 25000000
start: 25000000, end: 50000000
start: 50000000, end: 75000000
start: 75000000, end: 100000000
start: 100000000, end: 125000000
start: 125000000, end: 150000000
start: 150000000, end: 175000000
numTasks: 8
tasks size: 8
start: 0, end: 25000000
start: 25000000, end: 50000000
start: 50000000, end: 75000000
start: 75000000, end: 100000000
start: 100000000, end: 125000000
start: 125000000, end: 150000000
start: 150000000, end: 175000000
numTasks: 8
tasks size: 8
start: 0, end: 25000000
start: 25000000, end: 50000000
start: 50000000, end: 75000000
start: 75000000, end: 100000000
start: 100000000, end: 125000000
start: 125000000, end: 150000000
start: 150000000, end: 175000000
numTasks: 8
tasks size: 8
start: 0, end: 25000000
start: 25000000, end: 50000000
start: 50000000, end: 75000000
start: 75000000, end: 100000000
start: 100000000, end: 125000000
start: 125000000, end: 150000000
start: 150000000, end: 175000000
numTasks: 8
tasks size: 8
]]></system-out>
  </testcase>
</testsuite>